\BOOKMARK [0][-]{chapter.1}{\376\377\000T\000o\000d\000o\000\040\000L\000i\000s\000t}{}
\BOOKMARK [0][-]{chapter.2}{\376\377\000N\000a\000m\000e\000s\000p\000a\000c\000e\000\040\000I\000n\000d\000e\000x}{}
\BOOKMARK [1][-]{section.2.1}{\376\377\000P\000a\000c\000k\000a\000g\000e\000s}{chapter.2}
\BOOKMARK [0][-]{chapter.3}{\376\377\000C\000l\000a\000s\000s\000\040\000I\000n\000d\000e\000x}{}
\BOOKMARK [1][-]{section.3.1}{\376\377\000C\000l\000a\000s\000s\000\040\000L\000i\000s\000t}{chapter.3}
\BOOKMARK [0][-]{chapter.4}{\376\377\000F\000i\000l\000e\000\040\000I\000n\000d\000e\000x}{}
\BOOKMARK [1][-]{section.4.1}{\376\377\000F\000i\000l\000e\000\040\000L\000i\000s\000t}{chapter.4}
\BOOKMARK [0][-]{chapter.5}{\376\377\000N\000a\000m\000e\000s\000p\000a\000c\000e\000\040\000D\000o\000c\000u\000m\000e\000n\000t\000a\000t\000i\000o\000n}{}
\BOOKMARK [1][-]{section.5.1}{\376\377\000c\000P\000l\000a\000c\000e\000\040\000N\000a\000m\000e\000s\000p\000a\000c\000e\000\040\000R\000e\000f\000e\000r\000e\000n\000c\000e}{chapter.5}
\BOOKMARK [1][-]{section.5.2}{\376\377\000c\000R\000e\000p\000o\000r\000t\000\040\000N\000a\000m\000e\000s\000p\000a\000c\000e\000\040\000R\000e\000f\000e\000r\000e\000n\000c\000e}{chapter.5}
\BOOKMARK [1][-]{section.5.3}{\376\377\000c\000S\000p\000i\000n\000n\000e\000r\000\040\000N\000a\000m\000e\000s\000p\000a\000c\000e\000\040\000R\000e\000f\000e\000r\000e\000n\000c\000e}{chapter.5}
\BOOKMARK [1][-]{section.5.4}{\376\377\000g\000e\000o\000m\000\137\000f\000u\000n\000c\000t\000i\000o\000n\000s\000\040\000N\000a\000m\000e\000s\000p\000a\000c\000e\000\040\000R\000e\000f\000e\000r\000e\000n\000c\000e}{chapter.5}
\BOOKMARK [2][-]{subsection.5.4.1}{\376\377\000F\000u\000n\000c\000t\000i\000o\000n\000\040\000D\000o\000c\000u\000m\000e\000n\000t\000a\000t\000i\000o\000n}{section.5.4}
\BOOKMARK [3][-]{subsubsection.5.4.1.1}{\376\377\000a\000l\000p\000h\000a\000\137\000s\000h\000a\000p\000e}{subsection.5.4.1}
\BOOKMARK [3][-]{subsubsection.5.4.1.2}{\376\377\000c\000o\000n\000v\000e\000x\000\137\000h\000u\000l\000l}{subsection.5.4.1}
\BOOKMARK [1][-]{section.5.5}{\376\377\000v\000a\000g\000u\000e\000p\000l\000a\000c\000e\000s\000\040\000N\000a\000m\000e\000s\000p\000a\000c\000e\000\040\000R\000e\000f\000e\000r\000e\000n\000c\000e}{chapter.5}
\BOOKMARK [2][-]{subsection.5.5.1}{\376\377\000F\000u\000n\000c\000t\000i\000o\000n\000\040\000D\000o\000c\000u\000m\000e\000n\000t\000a\000t\000i\000o\000n}{section.5.5}
\BOOKMARK [3][-]{subsubsection.5.5.1.1}{\376\377\000e\000u\000r\000o\000p\000e\000a\000n\000\137\000c\000o\000u\000n\000t\000r\000i\000e\000s}{subsection.5.5.1}
\BOOKMARK [3][-]{subsubsection.5.5.1.2}{\376\377\000f\000i\000n\000i\000s\000h\000\137\000p\000r\000o\000g\000r\000a\000m}{subsection.5.5.1}
\BOOKMARK [3][-]{subsubsection.5.5.1.3}{\376\377\000g\000e\000n\000\137\000a\000l\000p\000h\000a\000\137\000s\000h\000a\000p\000e}{subsection.5.5.1}
\BOOKMARK [3][-]{subsubsection.5.5.1.4}{\376\377\000g\000e\000n\000\137\000c\000o\000n\000v\000e\000x\000\137\000h\000u\000l\000l}{subsection.5.5.1}
\BOOKMARK [3][-]{subsubsection.5.5.1.5}{\376\377\000g\000e\000n\000\137\000h\000e\000a\000t\000m\000a\000p}{subsection.5.5.1}
\BOOKMARK [3][-]{subsubsection.5.5.1.6}{\376\377\000g\000e\000t\000\137\000p\000o\000i\000n\000t\000s}{subsection.5.5.1}
\BOOKMARK [3][-]{subsubsection.5.5.1.7}{\376\377\000k\000i\000l\000l\000\137\000h\000a\000n\000d\000l\000e\000r}{subsection.5.5.1}
\BOOKMARK [3][-]{subsubsection.5.5.1.8}{\376\377\000w\000r\000i\000t\000e\000\137\000f\000i\000l\000e}{subsection.5.5.1}
\BOOKMARK [3][-]{subsubsection.5.5.1.9}{\376\377\000w\000r\000i\000t\000e\000\137\000f\000i\000l\000e\000\137\000c\000g\000a\000l}{subsection.5.5.1}
\BOOKMARK [3][-]{subsubsection.5.5.1.10}{\376\377\000w\000r\000i\000t\000e\000\137\000f\000i\000l\000e\000\137\000c\000s\000v}{subsection.5.5.1}
\BOOKMARK [2][-]{subsection.5.5.2}{\376\377\000V\000a\000r\000i\000a\000b\000l\000e\000\040\000D\000o\000c\000u\000m\000e\000n\000t\000a\000t\000i\000o\000n}{section.5.5}
\BOOKMARK [3][-]{subsubsection.5.5.2.1}{\376\377\000a\000b\000s\000t\000r\000a\000c\000t}{subsection.5.5.2}
\BOOKMARK [3][-]{subsubsection.5.5.2.2}{\376\377\000a\000l\000p\000h\000a}{subsection.5.5.2}
\BOOKMARK [3][-]{subsubsection.5.5.2.3}{\376\377\000a\000r\000g\000u\000m\000e\000n\000t\000s}{subsection.5.5.2}
\BOOKMARK [3][-]{subsubsection.5.5.2.4}{\376\377\000c\000o\000u\000n\000t\000r\000y}{subsection.5.5.2}
\BOOKMARK [3][-]{subsubsection.5.5.2.5}{\376\377\000c\000o\000u\000n\000t\000r\000y\000\137\000n\000a\000m\000e}{subsection.5.5.2}
\BOOKMARK [3][-]{subsubsection.5.5.2.6}{\376\377\000c\000o\000u\000n\000t\000r\000y\000\137\000r\000e\000s\000u\000l\000t\000s}{subsection.5.5.2}
\BOOKMARK [3][-]{subsubsection.5.5.2.7}{\376\377\000c\000o\000u\000n\000t\000r\000y\000\137\000u\000r\000i}{subsection.5.5.2}
\BOOKMARK [3][-]{subsubsection.5.5.2.8}{\376\377\000d\000e\000s\000t}{subsection.5.5.2}
\BOOKMARK [3][-]{subsubsection.5.5.2.9}{\376\377\000h\000e\000l\000p}{subsection.5.5.2}
\BOOKMARK [3][-]{subsubsection.5.5.2.10}{\376\377\000i\000s\000d\000e\000b\000u\000g}{subsection.5.5.2}
\BOOKMARK [3][-]{subsubsection.5.5.2.11}{\376\377\000i\000s\000l\000i\000v\000e}{subsection.5.5.2}
\BOOKMARK [3][-]{subsubsection.5.5.2.12}{\376\377\000l\000a\000t}{subsection.5.5.2}
\BOOKMARK [3][-]{subsubsection.5.5.2.13}{\376\377\000l\000o\000n}{subsection.5.5.2}
\BOOKMARK [3][-]{subsubsection.5.5.2.14}{\376\377\000O\000F}{subsection.5.5.2}
\BOOKMARK [3][-]{subsubsection.5.5.2.15}{\376\377\000o\000f\000f\000s\000e\000t}{subsection.5.5.2}
\BOOKMARK [3][-]{subsubsection.5.5.2.16}{\376\377\000p\000a\000r\000s\000e\000r}{subsection.5.5.2}
\BOOKMARK [3][-]{subsubsection.5.5.2.17}{\376\377\000P\000L\000A\000C\000E\000S}{subsection.5.5.2}
\BOOKMARK [3][-]{subsubsection.5.5.2.18}{\376\377\000q\000u\000e\000r\000y\000\137\000l\000i\000s\000t}{subsection.5.5.2}
\BOOKMARK [3][-]{subsubsection.5.5.2.19}{\376\377\000q\000u\000e\000r\000y\000\137\000r\000e\000s\000u\000l\000t\000s}{subsection.5.5.2}
\BOOKMARK [3][-]{subsubsection.5.5.2.20}{\376\377\000R\000E\000P\000O\000R\000T}{subsection.5.5.2}
\BOOKMARK [3][-]{subsubsection.5.5.2.21}{\376\377\000R\000E\000S\000U\000L\000T\000S\000\137\000Q\000U\000E\000R\000Y}{subsection.5.5.2}
\BOOKMARK [3][-]{subsubsection.5.5.2.22}{\376\377\000S}{subsection.5.5.2}
\BOOKMARK [3][-]{subsubsection.5.5.2.23}{\376\377\000s\000p\000a\000r\000q\000l}{subsection.5.5.2}
\BOOKMARK [3][-]{subsubsection.5.5.2.24}{\376\377\000t\000i\000t\000l\000e}{subsection.5.5.2}
\BOOKMARK [3][-]{subsubsection.5.5.2.25}{\376\377\000t\000m\000p\000f\000i\000l\000e}{subsection.5.5.2}
\BOOKMARK [3][-]{subsubsection.5.5.2.26}{\376\377\000t\000o\000t\000a\000l\000\137\000r\000e\000s\000u\000l\000t\000s}{subsection.5.5.2}
\BOOKMARK [0][-]{chapter.6}{\376\377\000C\000l\000a\000s\000s\000\040\000D\000o\000c\000u\000m\000e\000n\000t\000a\000t\000i\000o\000n}{}
\BOOKMARK [1][-]{section.6.1}{\376\377\000c\000P\000l\000a\000c\000e\000:\000:\000c\000P\000l\000a\000c\000e\000\040\000C\000l\000a\000s\000s\000\040\000R\000e\000f\000e\000r\000e\000n\000c\000e}{chapter.6}
\BOOKMARK [2][-]{subsection.6.1.1}{\376\377\000D\000e\000t\000a\000i\000l\000e\000d\000\040\000D\000e\000s\000c\000r\000i\000p\000t\000i\000o\000n}{section.6.1}
\BOOKMARK [2][-]{subsection.6.1.2}{\376\377\000C\000o\000n\000s\000t\000r\000u\000c\000t\000o\000r\000\040\000\046\000\040\000D\000e\000s\000t\000r\000u\000c\000t\000o\000r\000\040\000D\000o\000c\000u\000m\000e\000n\000t\000a\000t\000i\000o\000n}{section.6.1}
\BOOKMARK [3][-]{subsubsection.6.1.2.1}{\376\377\000\137\000\137\000i\000n\000i\000t\000\137\000\137}{subsection.6.1.2}
\BOOKMARK [2][-]{subsection.6.1.3}{\376\377\000M\000e\000m\000b\000e\000r\000\040\000D\000a\000t\000a\000\040\000D\000o\000c\000u\000m\000e\000n\000t\000a\000t\000i\000o\000n}{section.6.1}
\BOOKMARK [3][-]{subsubsection.6.1.3.1}{\376\377\000c\000o\000u\000n\000t\000r\000y}{subsection.6.1.3}
\BOOKMARK [3][-]{subsubsection.6.1.3.2}{\376\377\000l\000a\000t}{subsection.6.1.3}
\BOOKMARK [3][-]{subsubsection.6.1.3.3}{\376\377\000l\000o\000n}{subsection.6.1.3}
\BOOKMARK [3][-]{subsubsection.6.1.3.4}{\376\377\000n\000a\000m\000e}{subsection.6.1.3}
\BOOKMARK [3][-]{subsubsection.6.1.3.5}{\376\377\000t\000e\000x\000t}{subsection.6.1.3}
\BOOKMARK [1][-]{section.6.2}{\376\377\000c\000R\000e\000p\000o\000r\000t\000.\000c\000R\000e\000p\000o\000r\000t\000\040\000C\000l\000a\000s\000s\000\040\000R\000e\000f\000e\000r\000e\000n\000c\000e}{chapter.6}
\BOOKMARK [2][-]{subsection.6.2.1}{\376\377\000D\000e\000t\000a\000i\000l\000e\000d\000\040\000D\000e\000s\000c\000r\000i\000p\000t\000i\000o\000n}{section.6.2}
\BOOKMARK [2][-]{subsection.6.2.2}{\376\377\000M\000e\000m\000b\000e\000r\000\040\000F\000u\000n\000c\000t\000i\000o\000n\000\040\000D\000o\000c\000u\000m\000e\000n\000t\000a\000t\000i\000o\000n}{section.6.2}
\BOOKMARK [3][-]{subsubsection.6.2.2.1}{\376\377\000p\000r\000i\000n\000t\000\137\000r\000e\000p\000o\000r\000t}{subsection.6.2.2}
\BOOKMARK [3][-]{subsubsection.6.2.2.2}{\376\377\000s\000e\000t\000\137\000a\000l\000p\000h\000a\000s}{subsection.6.2.2}
\BOOKMARK [3][-]{subsubsection.6.2.2.3}{\376\377\000s\000e\000t\000\137\000c\000o\000u\000n\000t\000r\000y\000\137\000c\000o\000u\000n\000t}{subsection.6.2.2}
\BOOKMARK [3][-]{subsubsection.6.2.2.4}{\376\377\000s\000e\000t\000\137\000l\000i\000v\000e}{subsection.6.2.2}
\BOOKMARK [3][-]{subsubsection.6.2.2.5}{\376\377\000s\000e\000t\000\137\000p\000o\000i\000n\000t\000s\000\137\000f\000i\000l\000e\000n\000a\000m\000e}{subsection.6.2.2}
\BOOKMARK [3][-]{subsubsection.6.2.2.6}{\376\377\000s\000e\000t\000\137\000q\000u\000e\000r\000y}{subsection.6.2.2}
\BOOKMARK [3][-]{subsubsection.6.2.2.7}{\376\377\000s\000e\000t\000\137\000w\000k\000t\000\137\000a\000s\000h\000a\000p\000e}{subsection.6.2.2}
\BOOKMARK [3][-]{subsubsection.6.2.2.8}{\376\377\000s\000e\000t\000\137\000w\000k\000t\000\137\000c\000h\000u\000l\000l}{subsection.6.2.2}
\BOOKMARK [3][-]{subsubsection.6.2.2.9}{\376\377\000w\000r\000i\000t\000e\000\137\000r\000e\000p\000o\000r\000t}{subsection.6.2.2}
\BOOKMARK [1][-]{section.6.3}{\376\377\000c\000S\000p\000i\000n\000n\000e\000r\000.\000c\000S\000p\000i\000n\000n\000e\000r\000\040\000C\000l\000a\000s\000s\000\040\000R\000e\000f\000e\000r\000e\000n\000c\000e}{chapter.6}
\BOOKMARK [2][-]{subsection.6.3.1}{\376\377\000D\000e\000t\000a\000i\000l\000e\000d\000\040\000D\000e\000s\000c\000r\000i\000p\000t\000i\000o\000n}{section.6.3}
\BOOKMARK [2][-]{subsection.6.3.2}{\376\377\000M\000e\000m\000b\000e\000r\000\040\000F\000u\000n\000c\000t\000i\000o\000n\000\040\000D\000o\000c\000u\000m\000e\000n\000t\000a\000t\000i\000o\000n}{section.6.3}
\BOOKMARK [3][-]{subsubsection.6.3.2.1}{\376\377\000p\000a\000u\000s\000e}{subsection.6.3.2}
\BOOKMARK [3][-]{subsubsection.6.3.2.2}{\376\377\000r\000u\000n}{subsection.6.3.2}
\BOOKMARK [3][-]{subsubsection.6.3.2.3}{\376\377\000s\000e\000t\000\137\000m\000s\000g}{subsection.6.3.2}
\BOOKMARK [3][-]{subsubsection.6.3.2.4}{\376\377\000s\000t\000o\000p}{subsection.6.3.2}
\BOOKMARK [3][-]{subsubsection.6.3.2.5}{\376\377\000u\000n\000p\000a\000u\000s\000e}{subsection.6.3.2}
\BOOKMARK [2][-]{subsection.6.3.3}{\376\377\000M\000e\000m\000b\000e\000r\000\040\000D\000a\000t\000a\000\040\000D\000o\000c\000u\000m\000e\000n\000t\000a\000t\000i\000o\000n}{section.6.3}
\BOOKMARK [3][-]{subsubsection.6.3.3.1}{\376\377\000c\000h\000a\000r\000s}{subsection.6.3.3}
\BOOKMARK [3][-]{subsubsection.6.3.3.2}{\376\377\000i\000n\000d\000e\000x}{subsection.6.3.3}
\BOOKMARK [3][-]{subsubsection.6.3.3.3}{\376\377\000k\000e\000e\000p\000r\000u\000n\000n\000i\000n\000g}{subsection.6.3.3}
\BOOKMARK [3][-]{subsubsection.6.3.3.4}{\376\377\000m\000s\000g}{subsection.6.3.3}
\BOOKMARK [3][-]{subsubsection.6.3.3.5}{\376\377\000m\000s\000g}{subsection.6.3.3}
\BOOKMARK [3][-]{subsubsection.6.3.3.6}{\376\377\000p\000a\000u\000s\000e\000d}{subsection.6.3.3}
\BOOKMARK [0][-]{chapter.7}{\376\377\000F\000i\000l\000e\000\040\000D\000o\000c\000u\000m\000e\000n\000t\000a\000t\000i\000o\000n}{}
\BOOKMARK [1][-]{section.7.1}{\376\377\000a\000l\000p\000h\000a\000\137\000s\000h\000a\000p\000e\000/\000m\000a\000i\000n\000.\000c\000p\000p\000\040\000F\000i\000l\000e\000\040\000R\000e\000f\000e\000r\000e\000n\000c\000e}{chapter.7}
\BOOKMARK [2][-]{subsection.7.1.1}{\376\377\000T\000y\000p\000e\000d\000e\000f\000\040\000D\000o\000c\000u\000m\000e\000n\000t\000a\000t\000i\000o\000n}{section.7.1}
\BOOKMARK [3][-]{subsubsection.7.1.1.1}{\376\377\000A\000l\000p\000h\000a\000\137\000i\000t\000e\000r\000a\000t\000o\000r}{subsection.7.1.1}
\BOOKMARK [3][-]{subsubsection.7.1.1.2}{\376\377\000A\000l\000p\000h\000a\000\137\000s\000h\000a\000p\000e\000\137\0002}{subsection.7.1.1}
\BOOKMARK [3][-]{subsubsection.7.1.1.3}{\376\377\000A\000l\000p\000h\000a\000\137\000s\000h\000a\000p\000e\000\137\000e\000d\000g\000e\000s\000\137\000i\000t\000e\000r\000a\000t\000o\000r}{subsection.7.1.1}
\BOOKMARK [3][-]{subsubsection.7.1.1.4}{\376\377\000A\000l\000p\000h\000a\000\137\000s\000h\000a\000p\000e\000\137\000v\000e\000r\000t\000i\000c\000e\000s\000\137\000i\000t\000e\000r\000a\000t\000o\000r}{subsection.7.1.1}
\BOOKMARK [3][-]{subsubsection.7.1.1.5}{\376\377\000E\000d\000g\000e}{subsection.7.1.1}
\BOOKMARK [3][-]{subsubsection.7.1.1.6}{\376\377\000E\000d\000g\000e\000\137\000c\000i\000r\000c\000u\000l\000a\000t\000o\000r}{subsection.7.1.1}
\BOOKMARK [3][-]{subsubsection.7.1.1.7}{\376\377\000E\000d\000g\000e\000\137\000i\000t\000e\000r\000a\000t\000o\000r}{subsection.7.1.1}
\BOOKMARK [3][-]{subsubsection.7.1.1.8}{\376\377\000F\000a\000c\000e}{subsection.7.1.1}
\BOOKMARK [3][-]{subsubsection.7.1.1.9}{\376\377\000F\000a\000c\000e\000\137\000c\000i\000r\000c\000u\000l\000a\000t\000o\000r}{subsection.7.1.1}
\BOOKMARK [3][-]{subsubsection.7.1.1.10}{\376\377\000F\000a\000c\000e\000\137\000h\000a\000n\000d\000l\000e}{subsection.7.1.1}
\BOOKMARK [3][-]{subsubsection.7.1.1.11}{\376\377\000F\000a\000c\000e\000\137\000i\000t\000e\000r\000a\000t\000o\000r}{subsection.7.1.1}
\BOOKMARK [3][-]{subsubsection.7.1.1.12}{\376\377\000F\000b}{subsection.7.1.1}
\BOOKMARK [3][-]{subsubsection.7.1.1.13}{\376\377\000F\000T}{subsection.7.1.1}
\BOOKMARK [3][-]{subsubsection.7.1.1.14}{\376\377\000K}{subsection.7.1.1}
\BOOKMARK [3][-]{subsubsection.7.1.1.15}{\376\377\000L\000o\000c\000a\000t\000e\000\137\000t\000y\000p\000e}{subsection.7.1.1}
\BOOKMARK [3][-]{subsubsection.7.1.1.16}{\376\377\000P\000o\000i\000n\000t}{subsection.7.1.1}
\BOOKMARK [3][-]{subsubsection.7.1.1.17}{\376\377\000P\000o\000l\000y\000g\000o\000n\000\137\0002}{subsection.7.1.1}
\BOOKMARK [3][-]{subsubsection.7.1.1.18}{\376\377\000S\000e\000g\000m\000e\000n\000t}{subsection.7.1.1}
\BOOKMARK [3][-]{subsubsection.7.1.1.19}{\376\377\000T\000d\000s}{subsection.7.1.1}
\BOOKMARK [3][-]{subsubsection.7.1.1.20}{\376\377\000T\000r\000i\000a\000n\000g\000u\000l\000a\000t\000i\000o\000n\000\137\0002}{subsection.7.1.1}
\BOOKMARK [3][-]{subsubsection.7.1.1.21}{\376\377\000V\000b}{subsection.7.1.1}
\BOOKMARK [3][-]{subsubsection.7.1.1.22}{\376\377\000V\000e\000r\000t\000e\000x}{subsection.7.1.1}
\BOOKMARK [3][-]{subsubsection.7.1.1.23}{\376\377\000V\000e\000r\000t\000e\000x\000\137\000c\000i\000r\000c\000u\000l\000a\000t\000o\000r}{subsection.7.1.1}
\BOOKMARK [3][-]{subsubsection.7.1.1.24}{\376\377\000V\000e\000r\000t\000e\000x\000\137\000h\000a\000n\000d\000l\000e}{subsection.7.1.1}
\BOOKMARK [3][-]{subsubsection.7.1.1.25}{\376\377\000V\000e\000r\000t\000e\000x\000\137\000i\000t\000e\000r\000a\000t\000o\000r}{subsection.7.1.1}
\BOOKMARK [2][-]{subsection.7.1.2}{\376\377\000F\000u\000n\000c\000t\000i\000o\000n\000\040\000D\000o\000c\000u\000m\000e\000n\000t\000a\000t\000i\000o\000n}{section.7.1}
\BOOKMARK [3][-]{subsubsection.7.1.2.1}{\376\377\000a\000l\000p\000h\000a\000\137\000e\000d\000g\000e\000s}{subsection.7.1.2}
\BOOKMARK [3][-]{subsubsection.7.1.2.2}{\376\377\000a\000l\000p\000h\000a\000\137\000v\000e\000r\000t\000i\000c\000e\000s}{subsection.7.1.2}
\BOOKMARK [3][-]{subsubsection.7.1.2.3}{\376\377\000c\000h\000e\000c\000k\000\137\000i\000n\000s\000i\000d\000e}{subsection.7.1.2}
\BOOKMARK [3][-]{subsubsection.7.1.2.4}{\376\377\000f\000i\000l\000e\000\137\000i\000n\000p\000u\000t}{subsection.7.1.2}
\BOOKMARK [3][-]{subsubsection.7.1.2.5}{\376\377\000i\000s\000\137\000i\000n\000s\000i\000d\000e}{subsection.7.1.2}
\BOOKMARK [3][-]{subsubsection.7.1.2.6}{\376\377\000m\000a\000i\000n}{subsection.7.1.2}
\BOOKMARK [3][-]{subsubsection.7.1.2.7}{\376\377\000p\000r\000i\000n\000t\000\137\000h\000e\000l\000p}{subsection.7.1.2}
\BOOKMARK [3][-]{subsubsection.7.1.2.8}{\376\377\000p\000r\000i\000n\000t\000\137\000W\000K\000T\000\137\000p\000o\000l\000y\000g\000o\000n\000\137\0002}{subsection.7.1.2}
\BOOKMARK [3][-]{subsubsection.7.1.2.9}{\376\377\000s\000e\000g\000m\000e\000n\000t\000s\000\137\000t\000o\000\137\000p\000o\000l\000y\000g\000o\000n\000s}{subsection.7.1.2}
\BOOKMARK [3][-]{subsubsection.7.1.2.10}{\376\377\000t\000o\000W\000K\000T\000\137\000p\000o\000l\000y\000g\000o\000n\000s}{subsection.7.1.2}
\BOOKMARK [3][-]{subsubsection.7.1.2.11}{\376\377\000t\000o\000W\000K\000T\000\137\000s\000e\000g\000m\000e\000n\000t\000s}{subsection.7.1.2}
\BOOKMARK [3][-]{subsubsection.7.1.2.12}{\376\377\000t\000o\000W\000K\000T\000\137\000v\000e\000r\000t\000i\000c\000e\000s}{subsection.7.1.2}
\BOOKMARK [1][-]{section.7.2}{\376\377\000c\000P\000l\000a\000c\000e\000.\000p\000y\000\040\000F\000i\000l\000e\000\040\000R\000e\000f\000e\000r\000e\000n\000c\000e}{chapter.7}
\BOOKMARK [1][-]{section.7.3}{\376\377\000c\000R\000e\000p\000o\000r\000t\000.\000p\000y\000\040\000F\000i\000l\000e\000\040\000R\000e\000f\000e\000r\000e\000n\000c\000e}{chapter.7}
\BOOKMARK [1][-]{section.7.4}{\376\377\000c\000S\000p\000i\000n\000n\000e\000r\000.\000p\000y\000\040\000F\000i\000l\000e\000\040\000R\000e\000f\000e\000r\000e\000n\000c\000e}{chapter.7}
\BOOKMARK [1][-]{section.7.5}{\376\377\000g\000e\000o\000m\000\137\000f\000u\000n\000c\000t\000i\000o\000n\000s\000.\000p\000y\000\040\000F\000i\000l\000e\000\040\000R\000e\000f\000e\000r\000e\000n\000c\000e}{chapter.7}
\BOOKMARK [1][-]{section.7.6}{\376\377\000v\000a\000g\000u\000e\000p\000l\000a\000c\000e\000s\000.\000p\000y\000\040\000F\000i\000l\000e\000\040\000R\000e\000f\000e\000r\000e\000n\000c\000e}{chapter.7}
